<?xml version="1.0" encoding="UTF-8"?>
<!-- Generated by org.testng.reporters.JUnitReportReporter -->
<testsuite hostname="Lenovo-PC" failures="0" tests="1" name="TestA" time="0.024" errors="0" timestamp="2024-02-10T17:15:46 IST" skipped="0">
  <testcase classname="TestA" name="m1" time="0.024"/>
  <system-out/>
</testsuite> <!-- TestA -->
